#
# There is insufficient memory for the Java Runtime Environment to continue.
# Native memory allocation (malloc) failed to allocate 1048576 bytes. Error detail: AllocateHeap
# Possible reasons:
#   The system is out of physical RAM or swap space
#   This process is running with CompressedOops enabled, and the Java Heap may be blocking the growth of the native heap
# Possible solutions:
#   Reduce memory load on the system
#   Increase physical memory or swap space
#   Check if swap backing store is full
#   Decrease Java heap size (-Xmx/-Xms)
#   Decrease number of Java threads
#   Decrease Java thread stack sizes (-Xss)
#   Set larger code cache with -XX:ReservedCodeCacheSize=
#   JVM is running with Unscaled Compressed Oops mode in which the Java heap is
#     placed in the first 4GB address space. The Java Heap base address is the
#     maximum limit for the native heap growth. Please use -XX:HeapBaseMinAddress
#     to set the Java Heap base and to place the Java Heap above 4GB virtual address.
# This output file may be truncated or incomplete.
#
#  Out of Memory Error (allocation.cpp:44), pid=15928, tid=13944
#
# JRE version: OpenJDK Runtime Environment Temurin-21.0.8+9 (21.0.8+9) (build 21.0.8+9-LTS)
# Java VM: OpenJDK 64-Bit Server VM Temurin-21.0.8+9 (21.0.8+9-LTS, mixed mode, sharing, tiered, compressed oops, compressed class ptrs, parallel gc, windows-amd64)
# No core dump will be written. Minidumps are not enabled by default on client versions of Windows
#

---------------  S U M M A R Y ------------

Command Line: --add-modules=ALL-SYSTEM --add-opens=java.base/java.util=ALL-UNNAMED --add-opens=java.base/java.lang=ALL-UNNAMED --add-opens=java.base/sun.nio.fs=ALL-UNNAMED -Declipse.application=org.eclipse.jdt.ls.core.id1 -Dosgi.bundles.defaultStartLevel=4 -Declipse.product=org.eclipse.jdt.ls.core.product -Djava.import.generatesMetadataFilesAtProjectRoot=false -DDetectVMInstallationsJob.disabled=true -Dfile.encoding=utf8 -XX:+UseParallelGC -XX:GCTimeRatio=4 -XX:AdaptiveSizePolicyWeight=90 -Dsun.zip.disableMemoryMapping=true -Xmx2G -Xms100m -Xlog:disable -javaagent:c:\Users\hp\.vscode\extensions\redhat.java-1.44.0-win32-x64\lombok\lombok-1.18.39-4050.jar -XX:+HeapDumpOnOutOfMemoryError -XX:HeapDumpPath=c:\Users\hp\AppData\Roaming\Code\User\workspaceStorage\57e02190f0c8bbb019f5a151093275b8\redhat.java -Daether.dependencyCollector.impl=bf c:\Users\hp\.vscode\extensions\redhat.java-1.44.0-win32-x64\server\plugins\org.eclipse.equinox.launcher_1.7.0.v20250519-0528.jar -configuration c:\Users\hp\AppData\Roaming\Code\User\globalStorage\redhat.java\1.44.0\config_win -data c:\Users\hp\AppData\Roaming\Code\User\workspaceStorage\57e02190f0c8bbb019f5a151093275b8\redhat.java\jdt_ws --pipe=\\.\pipe\lsp-3d954335c9de8fb925368a95f0f65a58-sock

Host: AMD Ryzen 3 7320U with Radeon Graphics         , 8 cores, 5G,  Windows 11 , 64 bit Build 22621 (10.0.22621.5415)
Time: Thu Aug 14 23:11:00 2025 India Standard Time elapsed time: 4344.001835 seconds (0d 1h 12m 24s)

---------------  T H R E A D  ---------------

Current thread (0x0000024edd3925c0):  JavaThread "Attach Listener" daemon [_thread_in_vm, id=13944, stack(0x0000006a0f100000,0x0000006a0f200000) (1024K)]

Stack: [0x0000006a0f100000,0x0000006a0f200000]
Native frames: (J=compiled Java code, j=interpreted, Vv=VM code, C=native code)
V  [jvm.dll+0x6d2449]
V  [jvm.dll+0x8ae341]
V  [jvm.dll+0x8b08be]
V  [jvm.dll+0x8b0fa3]
V  [jvm.dll+0x280c96]
V  [jvm.dll+0xc0347]
V  [jvm.dll+0x6d2cf9]
V  [jvm.dll+0x131116]
V  [jvm.dll+0x3f2d16]
V  [jvm.dll+0x857e6b]
V  [jvm.dll+0x6d0b0d]
C  [ucrtbase.dll+0x29333]
C  [KERNEL32.DLL+0x1259d]
C  [ntdll.dll+0x5af78]


---------------  P R O C E S S  ---------------

Threads class SMR info:
_java_thread_list=0x0000024ef198d910, length=35, elements={
0x0000024ec692b390, 0x0000024edd38cbf0, 0x0000024edd38ec60, 0x0000024edd3916b0,
0x0000024edd3925c0, 0x0000024edd3934d0, 0x0000024edd397040, 0x0000024edd398dc0,
0x0000024ee3046d80, 0x0000024ee30a0520, 0x0000024ee331eb80, 0x0000024ee3c7b730,
0x0000024ee3e74530, 0x0000024ee4106670, 0x0000024ee3de73e0, 0x0000024ee4211360,
0x0000024ee432fef0, 0x0000024ee425c8c0, 0x0000024ee425f6b0, 0x0000024ee425e300,
0x0000024ee425fd40, 0x0000024ee425f020, 0x0000024ee662f220, 0x0000024ee66305d0,
0x0000024ee66312f0, 0x0000024ee662c430, 0x0000024ee662f8b0, 0x0000024ee662d150,
0x0000024ee662ff40, 0x0000024ee6630c60, 0x0000024ee662de70, 0x0000024ee6631980,
0x0000024ee6632010, 0x0000024ee66326a0, 0x0000024ee74e5430
}

Java Threads: ( => current thread )
  0x0000024ec692b390 JavaThread "main"                              [_thread_blocked, id=8940, stack(0x0000006a0ea00000,0x0000006a0eb00000) (1024K)]
  0x0000024edd38cbf0 JavaThread "Reference Handler"          daemon [_thread_blocked, id=14944, stack(0x0000006a0ee00000,0x0000006a0ef00000) (1024K)]
  0x0000024edd38ec60 JavaThread "Finalizer"                  daemon [_thread_blocked, id=15436, stack(0x0000006a0ef00000,0x0000006a0f000000) (1024K)]
  0x0000024edd3916b0 JavaThread "Signal Dispatcher"          daemon [_thread_blocked, id=15148, stack(0x0000006a0f000000,0x0000006a0f100000) (1024K)]
=>0x0000024edd3925c0 JavaThread "Attach Listener"            daemon [_thread_in_vm, id=13944, stack(0x0000006a0f100000,0x0000006a0f200000) (1024K)]
  0x0000024edd3934d0 JavaThread "Service Thread"             daemon [_thread_blocked, id=14120, stack(0x0000006a0f200000,0x0000006a0f300000) (1024K)]
  0x0000024edd397040 JavaThread "Monitor Deflation Thread"   daemon [_thread_blocked, id=17008, stack(0x0000006a0f300000,0x0000006a0f400000) (1024K)]
  0x0000024edd398dc0 JavaThread "C2 CompilerThread0"         daemon [_thread_blocked, id=13508, stack(0x0000006a0f400000,0x0000006a0f500000) (1024K)]
  0x0000024ee3046d80 JavaThread "C1 CompilerThread0"         daemon [_thread_blocked, id=11168, stack(0x0000006a0f500000,0x0000006a0f600000) (1024K)]
  0x0000024ee30a0520 JavaThread "Common-Cleaner"             daemon [_thread_blocked, id=11980, stack(0x0000006a0f600000,0x0000006a0f700000) (1024K)]
  0x0000024ee331eb80 JavaThread "Notification Thread"        daemon [_thread_blocked, id=15980, stack(0x0000006a0f700000,0x0000006a0f800000) (1024K)]
  0x0000024ee3c7b730 JavaThread "Active Thread: Equinox Container: 36bcf1a8-ccee-4547-8a06-64bb7b2a23e9"        [_thread_blocked, id=14628, stack(0x0000006a0f900000,0x0000006a0fa00000) (1024K)]
  0x0000024ee3e74530 JavaThread "Refresh Thread: Equinox Container: 36bcf1a8-ccee-4547-8a06-64bb7b2a23e9" daemon [_thread_blocked, id=10276, stack(0x0000006a10000000,0x0000006a10100000) (1024K)]
  0x0000024ee4106670 JavaThread "Framework Event Dispatcher: Equinox Container: 36bcf1a8-ccee-4547-8a06-64bb7b2a23e9" daemon [_thread_blocked, id=11688, stack(0x0000006a10200000,0x0000006a10300000) (1024K)]
  0x0000024ee3de73e0 JavaThread "Start Level: Equinox Container: 36bcf1a8-ccee-4547-8a06-64bb7b2a23e9" daemon [_thread_blocked, id=15112, stack(0x0000006a10300000,0x0000006a10400000) (1024K)]
  0x0000024ee4211360 JavaThread "Bundle File Closer"         daemon [_thread_blocked, id=13640, stack(0x0000006a10400000,0x0000006a10500000) (1024K)]
  0x0000024ee432fef0 JavaThread "SCR Component Actor"        daemon [_thread_blocked, id=3744, stack(0x0000006a0f800000,0x0000006a0f900000) (1024K)]
  0x0000024ee425c8c0 JavaThread "Worker-JM"                         [_thread_blocked, id=5892, stack(0x0000006a10600000,0x0000006a10700000) (1024K)]
  0x0000024ee425f6b0 JavaThread "JNA Cleaner"                daemon [_thread_blocked, id=10308, stack(0x0000006a10800000,0x0000006a10900000) (1024K)]
  0x0000024ee425e300 JavaThread "Java indexing"              daemon [_thread_blocked, id=5712, stack(0x0000006a10b00000,0x0000006a10c00000) (1024K)]
  0x0000024ee425fd40 JavaThread "Worker-3"                          [_thread_blocked, id=13524, stack(0x0000006a10d00000,0x0000006a10e00000) (1024K)]
  0x0000024ee425f020 JavaThread "Worker-4"                          [_thread_blocked, id=12760, stack(0x0000006a10e00000,0x0000006a10f00000) (1024K)]
  0x0000024ee662f220 JavaThread "Thread-2"                   daemon [_thread_in_native, id=14504, stack(0x0000006a11000000,0x0000006a11100000) (1024K)]
  0x0000024ee66305d0 JavaThread "Thread-3"                   daemon [_thread_in_native, id=10012, stack(0x0000006a11100000,0x0000006a11200000) (1024K)]
  0x0000024ee66312f0 JavaThread "Thread-4"                   daemon [_thread_in_native, id=18344, stack(0x0000006a11200000,0x0000006a11300000) (1024K)]
  0x0000024ee662c430 JavaThread "Thread-5"                   daemon [_thread_in_native, id=5172, stack(0x0000006a11300000,0x0000006a11400000) (1024K)]
  0x0000024ee662f8b0 JavaThread "Thread-6"                   daemon [_thread_in_native, id=14204, stack(0x0000006a11400000,0x0000006a11500000) (1024K)]
  0x0000024ee662d150 JavaThread "Thread-7"                   daemon [_thread_in_native, id=2904, stack(0x0000006a11500000,0x0000006a11600000) (1024K)]
  0x0000024ee662ff40 JavaThread "Thread-8"                   daemon [_thread_in_native, id=8620, stack(0x0000006a11600000,0x0000006a11700000) (1024K)]
  0x0000024ee6630c60 JavaThread "Thread-9"                   daemon [_thread_in_native, id=11096, stack(0x0000006a11700000,0x0000006a11800000) (1024K)]
  0x0000024ee662de70 JavaThread "Thread-10"                  daemon [_thread_in_native, id=15232, stack(0x0000006a11800000,0x0000006a11900000) (1024K)]
  0x0000024ee6631980 JavaThread "pool-2-thread-1"                   [_thread_blocked, id=3704, stack(0x0000006a11900000,0x0000006a11a00000) (1024K)]
  0x0000024ee6632010 JavaThread "WorkspaceEventsHandler"            [_thread_blocked, id=5900, stack(0x0000006a11a00000,0x0000006a11b00000) (1024K)]
  0x0000024ee66326a0 JavaThread "pool-1-thread-1"                   [_thread_blocked, id=17280, stack(0x0000006a11b00000,0x0000006a11c00000) (1024K)]
  0x0000024ee74e5430 JavaThread "Timer-0"                           [_thread_blocked, id=18348, stack(0x0000006a13200000,0x0000006a13300000) (1024K)]
Total: 35

Other Threads:
  0x0000024ec69ebb80 VMThread "VM Thread"                           [id=15092, stack(0x0000006a0ed00000,0x0000006a0ee00000) (1024K)]
  0x0000024edd2acc40 WatcherThread "VM Periodic Task Thread"        [id=7172, stack(0x0000006a0ec00000,0x0000006a0ed00000) (1024K)]
  0x0000024ec694b8d0 WorkerThread "GC Thread#0"                     [id=14684, stack(0x0000006a0eb00000,0x0000006a0ec00000) (1024K)]
  0x0000024ee3c1cb20 WorkerThread "GC Thread#1"                     [id=16828, stack(0x0000006a0fa00000,0x0000006a0fb00000) (1024K)]
  0x0000024ee3b2c070 WorkerThread "GC Thread#2"                     [id=5380, stack(0x0000006a0fb00000,0x0000006a0fc00000) (1024K)]
  0x0000024ee3b2c410 WorkerThread "GC Thread#3"                     [id=16864, stack(0x0000006a0fc00000,0x0000006a0fd00000) (1024K)]
  0x0000024ee3b2c7b0 WorkerThread "GC Thread#4"                     [id=8480, stack(0x0000006a0fd00000,0x0000006a0fe00000) (1024K)]
  0x0000024ee39c26b0 WorkerThread "GC Thread#5"                     [id=11520, stack(0x0000006a0fe00000,0x0000006a0ff00000) (1024K)]
  0x0000024ee39c2e60 WorkerThread "GC Thread#6"                     [id=7024, stack(0x0000006a0ff00000,0x0000006a10000000) (1024K)]
  0x0000024ee3e74b90 WorkerThread "GC Thread#7"                     [id=5060, stack(0x0000006a10100000,0x0000006a10200000) (1024K)]
Total: 10

Threads with active compile tasks:
Total: 0

VM state: not at safepoint (normal execution)

VM Mutex/Monitor currently owned by a thread: None

Heap address: 0x0000000080000000, size: 2048 MB, Compressed Oops mode: 32-bit

CDS archive(s) mapped at: [0x0000024e80000000-0x0000024e80ba0000-0x0000024e80ba0000), size 12189696, SharedBaseAddress: 0x0000024e80000000, ArchiveRelocationMode: 1.
Compressed class space mapped at: 0x0000024e81000000-0x0000024ec1000000, reserved size: 1073741824
Narrow klass base: 0x0000024e80000000, Narrow klass shift: 0, Narrow klass range: 0x100000000

GC Precious Log:
 CardTable entry size: 512
 CPUs: 8 total, 8 available
 Memory: 5965M
 Large Page Support: Disabled
 NUMA Support: Disabled
 Compressed Oops: Enabled (32-bit)
 Alignments: Space 512K, Generation 512K, Heap 2M
 Heap Min Capacity: 100M
 Heap Initial Capacity: 100M
 Heap Max Capacity: 2G
 Pre-touch: Disabled
 Parallel Workers: 8

Heap:
 PSYoungGen      total 3584K, used 848K [0x00000000d5580000, 0x00000000d5c80000, 0x0000000100000000)
  eden space 3072K, 20% used [0x00000000d5580000,0x00000000d561c0d0,0x00000000d5880000)
  from space 512K, 43% used [0x00000000d5c00000,0x00000000d5c38000,0x00000000d5c80000)
  to   space 512K, 0% used [0x00000000d5b80000,0x00000000d5b80000,0x00000000d5c00000)
 ParOldGen       total 439296K, used 439204K [0x0000000080000000, 0x000000009ad00000, 0x00000000d5580000)
  object space 439296K, 99% used [0x0000000080000000,0x000000009ace9050,0x000000009ad00000)
 Metaspace       used 73631K, committed 75072K, reserved 1179648K
  class space    used 8301K, committed 8960K, reserved 1048576K

Card table byte_map: [0x0000024ec6300000,0x0000024ec6710000] _byte_map_base: 0x0000024ec5f00000

Marking Bits: (ParMarkBitMap*) 0x00007ffc5b73a340
 Begin Bits: [0x0000024ed8dd0000, 0x0000024edadd0000)
 End Bits:   [0x0000024edadd0000, 0x0000024edcdd0000)

Polling page: 0x0000024ec60f0000

Metaspace:

Usage:
  Non-class:     63.80 MB used.
      Class:      8.11 MB used.
       Both:     71.91 MB used.

Virtual space:
  Non-class space:      128.00 MB reserved,      64.56 MB ( 50%) committed,  2 nodes.
      Class space:        1.00 GB reserved,       8.75 MB ( <1%) committed,  1 nodes.
             Both:        1.12 GB reserved,      73.31 MB (  6%) committed. 

Chunk freelists:
   Non-Class:  15.34 MB
       Class:  7.25 MB
        Both:  22.59 MB

MaxMetaspaceSize: unlimited
CompressedClassSpaceSize: 1.00 GB
Initial GC threshold: 21.00 MB
Current GC threshold: 97.31 MB
CDS: on
 - commit_granule_bytes: 65536.
 - commit_granule_words: 8192.
 - virtual_space_node_default_size: 8388608.
 - enlarge_chunks_in_place: 1.
 - use_allocation_guard: 0.


Internal statistics:

num_allocs_failed_limit: 9.
num_arena_births: 1276.
num_arena_deaths: 28.
num_vsnodes_births: 3.
num_vsnodes_deaths: 0.
num_space_committed: 1173.
num_space_uncommitted: 0.
num_chunks_returned_to_freelist: 42.
num_chunks_taken_from_freelist: 4376.
num_chunk_merges: 13.
num_chunk_splits: 2801.
num_chunks_enlarged: 1786.
num_inconsistent_stats: 0.

CodeHeap 'non-profiled nmethods': size=120000Kb used=8334Kb max_used=8334Kb free=111665Kb
 bounds [0x0000024ed15f0000, 0x0000024ed1e20000, 0x0000024ed8b20000]
CodeHeap 'profiled nmethods': size=120000Kb used=27122Kb max_used=27122Kb free=92877Kb
 bounds [0x0000024ec9b20000, 0x0000024ecb5a0000, 0x0000024ed1050000]
CodeHeap 'non-nmethods': size=5760Kb used=1467Kb max_used=1527Kb free=4292Kb
 bounds [0x0000024ed1050000, 0x0000024ed12c0000, 0x0000024ed15f0000]
CodeCache: size=245760Kb, used=36923Kb, max_used=36983Kb, free=208834Kb
 total_blobs=12712, nmethods=11930, adapters=687, full_count=0
Compilation: enabled, stopped_count=0, restarted_count=0

Compilation events (20 events):
Event: 3908.833 Thread 0x0000024edd398dc0 12700       4       com.google.gson.internal.bind.TypeAdapters$15::read (38 bytes)
Event: 3908.903 Thread 0x0000024edd398dc0 nmethod 12700 0x0000024ed1e10510 code [0x0000024ed1e10720, 0x0000024ed1e10b10]
Event: 4015.944 Thread 0x0000024edd398dc0 12701       4       java.util.stream.AbstractPipeline::copyInto (54 bytes)
Event: 4016.016 Thread 0x0000024edd398dc0 nmethod 12701 0x0000024ed1e10e90 code [0x0000024ed1e11040, 0x0000024ed1e111c8]
Event: 4025.603 Thread 0x0000024ee3046d80 12702       1       org.eclipse.jdt.ls.core.internal.preferences.Preferences::getFormatterUrl (5 bytes)
Event: 4025.609 Thread 0x0000024ee3046d80 nmethod 12702 0x0000024ed1e11390 code [0x0000024ed1e11520, 0x0000024ed1e115f0]
Event: 4025.609 Thread 0x0000024ee3046d80 12703       1       org.eclipse.jdt.ls.core.internal.preferences.Preferences::getSettingsUrl (5 bytes)
Event: 4025.609 Thread 0x0000024ee3046d80 nmethod 12703 0x0000024ed1e11690 code [0x0000024ed1e11820, 0x0000024ed1e118f0]
Event: 4061.284 Thread 0x0000024ee3046d80 12704       3       java.util.concurrent.LinkedBlockingQueue$Node::<init> (10 bytes)
Event: 4061.291 Thread 0x0000024ee3046d80 nmethod 12704 0x0000024ecb59bb10 code [0x0000024ecb59bcc0, 0x0000024ecb59be48]
Event: 4098.099 Thread 0x0000024ee3046d80 12705   !   3       java.lang.Boolean::getBoolean (16 bytes)
Event: 4098.421 Thread 0x0000024ee3046d80 nmethod 12705 0x0000024ecb59bf10 code [0x0000024ecb59c100, 0x0000024ecb59c538]
Event: 4098.424 Thread 0x0000024ee3046d80 12706       3       java.util.concurrent.LinkedBlockingQueue::enqueue (14 bytes)
Event: 4098.426 Thread 0x0000024ee3046d80 nmethod 12706 0x0000024ecb59c710 code [0x0000024ecb59c8a0, 0x0000024ecb59c9e0]
Event: 4098.428 Thread 0x0000024ee3046d80 12708       1       org.eclipse.lsp4j.FileEvent::getUri (5 bytes)
Event: 4098.438 Thread 0x0000024ee3046d80 nmethod 12708 0x0000024ed1e11990 code [0x0000024ed1e11b20, 0x0000024ed1e11be8]
Event: 4098.438 Thread 0x0000024ee3046d80 12707       1       org.eclipse.lsp4j.FileEvent::getType (5 bytes)
Event: 4098.443 Thread 0x0000024ee3046d80 nmethod 12707 0x0000024ed1e11c90 code [0x0000024ed1e11e20, 0x0000024ed1e11ee8]
Event: 4115.028 Thread 0x0000024edd398dc0 12709       4       org.eclipse.core.runtime.Path::parsePortableString (175 bytes)
Event: 4115.198 Thread 0x0000024edd398dc0 nmethod 12709 0x0000024ed1e11f90 code [0x0000024ed1e12200, 0x0000024ed1e12f28]

GC Heap History (20 events):
Event: 39.702 GC heap before
{Heap before GC invocations=556 (full 3):
 PSYoungGen      total 3584K, used 3584K [0x00000000d5580000, 0x00000000d5c80000, 0x0000000100000000)
  eden space 3072K, 100% used [0x00000000d5580000,0x00000000d5880000,0x00000000d5880000)
  from space 512K, 100% used [0x00000000d5c00000,0x00000000d5c80000,0x00000000d5c80000)
  to   space 1024K, 0% used [0x00000000d5a80000,0x00000000d5a80000,0x00000000d5b80000)
 ParOldGen       total 438784K, used 438454K [0x0000000080000000, 0x000000009ac80000, 0x00000000d5580000)
  object space 438784K, 99% used [0x0000000080000000,0x000000009ac2db08,0x000000009ac80000)
 Metaspace       used 73324K, committed 74816K, reserved 1179648K
  class space    used 8276K, committed 8960K, reserved 1048576K
}
Event: 39.704 GC heap after
{Heap after GC invocations=556 (full 3):
 PSYoungGen      total 4096K, used 128K [0x00000000d5580000, 0x00000000d5c80000, 0x0000000100000000)
  eden space 3072K, 0% used [0x00000000d5580000,0x00000000d5580000,0x00000000d5880000)
  from space 1024K, 12% used [0x00000000d5a80000,0x00000000d5aa0000,0x00000000d5b80000)
  to   space 512K, 0% used [0x00000000d5c00000,0x00000000d5c00000,0x00000000d5c80000)
 ParOldGen       total 439296K, used 438868K [0x0000000080000000, 0x000000009ad00000, 0x00000000d5580000)
  object space 439296K, 99% used [0x0000000080000000,0x000000009ac95050,0x000000009ad00000)
 Metaspace       used 73324K, committed 74816K, reserved 1179648K
  class space    used 8276K, committed 8960K, reserved 1048576K
}
Event: 53.540 GC heap before
{Heap before GC invocations=557 (full 3):
 PSYoungGen      total 4096K, used 3200K [0x00000000d5580000, 0x00000000d5c80000, 0x0000000100000000)
  eden space 3072K, 100% used [0x00000000d5580000,0x00000000d5880000,0x00000000d5880000)
  from space 1024K, 12% used [0x00000000d5a80000,0x00000000d5aa0000,0x00000000d5b80000)
  to   space 512K, 0% used [0x00000000d5c00000,0x00000000d5c00000,0x00000000d5c80000)
 ParOldGen       total 439296K, used 438868K [0x0000000080000000, 0x000000009ad00000, 0x00000000d5580000)
  object space 439296K, 99% used [0x0000000080000000,0x000000009ac95050,0x000000009ad00000)
 Metaspace       used 73328K, committed 74816K, reserved 1179648K
  class space    used 8276K, committed 8960K, reserved 1048576K
}
Event: 53.548 GC heap after
{Heap after GC invocations=557 (full 3):
 PSYoungGen      total 3584K, used 224K [0x00000000d5580000, 0x00000000d5c80000, 0x0000000100000000)
  eden space 3072K, 0% used [0x00000000d5580000,0x00000000d5580000,0x00000000d5880000)
  from space 512K, 43% used [0x00000000d5c00000,0x00000000d5c38000,0x00000000d5c80000)
  to   space 512K, 0% used [0x00000000d5b80000,0x00000000d5b80000,0x00000000d5c00000)
 ParOldGen       total 439296K, used 438884K [0x0000000080000000, 0x000000009ad00000, 0x00000000d5580000)
  object space 439296K, 99% used [0x0000000080000000,0x000000009ac99050,0x000000009ad00000)
 Metaspace       used 73328K, committed 74816K, reserved 1179648K
  class space    used 8276K, committed 8960K, reserved 1048576K
}
Event: 53.583 GC heap before
{Heap before GC invocations=558 (full 3):
 PSYoungGen      total 3584K, used 3296K [0x00000000d5580000, 0x00000000d5c80000, 0x0000000100000000)
  eden space 3072K, 100% used [0x00000000d5580000,0x00000000d5880000,0x00000000d5880000)
  from space 512K, 43% used [0x00000000d5c00000,0x00000000d5c38000,0x00000000d5c80000)
  to   space 512K, 0% used [0x00000000d5b80000,0x00000000d5b80000,0x00000000d5c00000)
 ParOldGen       total 439296K, used 438884K [0x0000000080000000, 0x000000009ad00000, 0x00000000d5580000)
  object space 439296K, 99% used [0x0000000080000000,0x000000009ac99050,0x000000009ad00000)
 Metaspace       used 73329K, committed 74816K, reserved 1179648K
  class space    used 8276K, committed 8960K, reserved 1048576K
}
Event: 53.585 GC heap after
{Heap after GC invocations=558 (full 3):
 PSYoungGen      total 3584K, used 192K [0x00000000d5580000, 0x00000000d5c80000, 0x0000000100000000)
  eden space 3072K, 0% used [0x00000000d5580000,0x00000000d5580000,0x00000000d5880000)
  from space 512K, 37% used [0x00000000d5b80000,0x00000000d5bb0000,0x00000000d5c00000)
  to   space 512K, 0% used [0x00000000d5c00000,0x00000000d5c00000,0x00000000d5c80000)
 ParOldGen       total 439296K, used 438932K [0x0000000080000000, 0x000000009ad00000, 0x00000000d5580000)
  object space 439296K, 99% used [0x0000000080000000,0x000000009aca5050,0x000000009ad00000)
 Metaspace       used 73329K, committed 74816K, reserved 1179648K
  class space    used 8276K, committed 8960K, reserved 1048576K
}
Event: 313.848 GC heap before
{Heap before GC invocations=559 (full 3):
 PSYoungGen      total 3584K, used 3264K [0x00000000d5580000, 0x00000000d5c80000, 0x0000000100000000)
  eden space 3072K, 100% used [0x00000000d5580000,0x00000000d5880000,0x00000000d5880000)
  from space 512K, 37% used [0x00000000d5b80000,0x00000000d5bb0000,0x00000000d5c00000)
  to   space 512K, 0% used [0x00000000d5c00000,0x00000000d5c00000,0x00000000d5c80000)
 ParOldGen       total 439296K, used 438932K [0x0000000080000000, 0x000000009ad00000, 0x00000000d5580000)
  object space 439296K, 99% used [0x0000000080000000,0x000000009aca5050,0x000000009ad00000)
 Metaspace       used 73504K, committed 75008K, reserved 1179648K
  class space    used 8294K, committed 8960K, reserved 1048576K
}
Event: 313.999 GC heap after
{Heap after GC invocations=559 (full 3):
 PSYoungGen      total 3584K, used 256K [0x00000000d5580000, 0x00000000d5c80000, 0x0000000100000000)
  eden space 3072K, 0% used [0x00000000d5580000,0x00000000d5580000,0x00000000d5880000)
  from space 512K, 50% used [0x00000000d5c00000,0x00000000d5c40000,0x00000000d5c80000)
  to   space 512K, 0% used [0x00000000d5b80000,0x00000000d5b80000,0x00000000d5c00000)
 ParOldGen       total 439296K, used 438948K [0x0000000080000000, 0x000000009ad00000, 0x00000000d5580000)
  object space 439296K, 99% used [0x0000000080000000,0x000000009aca9050,0x000000009ad00000)
 Metaspace       used 73504K, committed 75008K, reserved 1179648K
  class space    used 8294K, committed 8960K, reserved 1048576K
}
Event: 1900.046 GC heap before
{Heap before GC invocations=560 (full 3):
 PSYoungGen      total 3584K, used 3328K [0x00000000d5580000, 0x00000000d5c80000, 0x0000000100000000)
  eden space 3072K, 100% used [0x00000000d5580000,0x00000000d5880000,0x00000000d5880000)
  from space 512K, 50% used [0x00000000d5c00000,0x00000000d5c40000,0x00000000d5c80000)
  to   space 512K, 0% used [0x00000000d5b80000,0x00000000d5b80000,0x00000000d5c00000)
 ParOldGen       total 439296K, used 438948K [0x0000000080000000, 0x000000009ad00000, 0x00000000d5580000)
  object space 439296K, 99% used [0x0000000080000000,0x000000009aca9050,0x000000009ad00000)
 Metaspace       used 73564K, committed 75072K, reserved 1179648K
  class space    used 8299K, committed 8960K, reserved 1048576K
}
Event: 1900.442 GC heap after
{Heap after GC invocations=560 (full 3):
 PSYoungGen      total 3584K, used 256K [0x00000000d5580000, 0x00000000d5c80000, 0x0000000100000000)
  eden space 3072K, 0% used [0x00000000d5580000,0x00000000d5580000,0x00000000d5880000)
  from space 512K, 50% used [0x00000000d5b80000,0x00000000d5bc0000,0x00000000d5c00000)
  to   space 512K, 0% used [0x00000000d5c00000,0x00000000d5c00000,0x00000000d5c80000)
 ParOldGen       total 439296K, used 439100K [0x0000000080000000, 0x000000009ad00000, 0x00000000d5580000)
  object space 439296K, 99% used [0x0000000080000000,0x000000009accf050,0x000000009ad00000)
 Metaspace       used 73564K, committed 75072K, reserved 1179648K
  class space    used 8299K, committed 8960K, reserved 1048576K
}
Event: 2132.992 GC heap before
{Heap before GC invocations=561 (full 3):
 PSYoungGen      total 3584K, used 3328K [0x00000000d5580000, 0x00000000d5c80000, 0x0000000100000000)
  eden space 3072K, 100% used [0x00000000d5580000,0x00000000d5880000,0x00000000d5880000)
  from space 512K, 50% used [0x00000000d5b80000,0x00000000d5bc0000,0x00000000d5c00000)
  to   space 512K, 0% used [0x00000000d5c00000,0x00000000d5c00000,0x00000000d5c80000)
 ParOldGen       total 439296K, used 439100K [0x0000000080000000, 0x000000009ad00000, 0x00000000d5580000)
  object space 439296K, 99% used [0x0000000080000000,0x000000009accf050,0x000000009ad00000)
 Metaspace       used 73582K, committed 75072K, reserved 1179648K
  class space    used 8299K, committed 8960K, reserved 1048576K
}
Event: 2133.033 GC heap after
{Heap after GC invocations=561 (full 3):
 PSYoungGen      total 3584K, used 160K [0x00000000d5580000, 0x00000000d5c80000, 0x0000000100000000)
  eden space 3072K, 0% used [0x00000000d5580000,0x00000000d5580000,0x00000000d5880000)
  from space 512K, 31% used [0x00000000d5c00000,0x00000000d5c28000,0x00000000d5c80000)
  to   space 512K, 0% used [0x00000000d5b80000,0x00000000d5b80000,0x00000000d5c00000)
 ParOldGen       total 439296K, used 439156K [0x0000000080000000, 0x000000009ad00000, 0x00000000d5580000)
  object space 439296K, 99% used [0x0000000080000000,0x000000009acdd050,0x000000009ad00000)
 Metaspace       used 73582K, committed 75072K, reserved 1179648K
  class space    used 8299K, committed 8960K, reserved 1048576K
}
Event: 3120.039 GC heap before
{Heap before GC invocations=562 (full 3):
 PSYoungGen      total 3584K, used 3232K [0x00000000d5580000, 0x00000000d5c80000, 0x0000000100000000)
  eden space 3072K, 100% used [0x00000000d5580000,0x00000000d5880000,0x00000000d5880000)
  from space 512K, 31% used [0x00000000d5c00000,0x00000000d5c28000,0x00000000d5c80000)
  to   space 512K, 0% used [0x00000000d5b80000,0x00000000d5b80000,0x00000000d5c00000)
 ParOldGen       total 439296K, used 439156K [0x0000000080000000, 0x000000009ad00000, 0x00000000d5580000)
  object space 439296K, 99% used [0x0000000080000000,0x000000009acdd050,0x000000009ad00000)
 Metaspace       used 73598K, committed 75072K, reserved 1179648K
  class space    used 8299K, committed 8960K, reserved 1048576K
}
Event: 3120.226 GC heap after
{Heap after GC invocations=562 (full 3):
 PSYoungGen      total 3584K, used 128K [0x00000000d5580000, 0x00000000d5c80000, 0x0000000100000000)
  eden space 3072K, 0% used [0x00000000d5580000,0x00000000d5580000,0x00000000d5880000)
  from space 512K, 25% used [0x00000000d5b80000,0x00000000d5ba0000,0x00000000d5c00000)
  to   space 512K, 0% used [0x00000000d5c00000,0x00000000d5c00000,0x00000000d5c80000)
 ParOldGen       total 439296K, used 439172K [0x0000000080000000, 0x000000009ad00000, 0x00000000d5580000)
  object space 439296K, 99% used [0x0000000080000000,0x000000009ace1050,0x000000009ad00000)
 Metaspace       used 73598K, committed 75072K, reserved 1179648K
  class space    used 8299K, committed 8960K, reserved 1048576K
}
Event: 3576.446 GC heap before
{Heap before GC invocations=563 (full 3):
 PSYoungGen      total 3584K, used 3200K [0x00000000d5580000, 0x00000000d5c80000, 0x0000000100000000)
  eden space 3072K, 100% used [0x00000000d5580000,0x00000000d5880000,0x00000000d5880000)
  from space 512K, 25% used [0x00000000d5b80000,0x00000000d5ba0000,0x00000000d5c00000)
  to   space 512K, 0% used [0x00000000d5c00000,0x00000000d5c00000,0x00000000d5c80000)
 ParOldGen       total 439296K, used 439172K [0x0000000080000000, 0x000000009ad00000, 0x00000000d5580000)
  object space 439296K, 99% used [0x0000000080000000,0x000000009ace1050,0x000000009ad00000)
 Metaspace       used 73617K, committed 75072K, reserved 1179648K
  class space    used 8299K, committed 8960K, reserved 1048576K
}
Event: 3576.617 GC heap after
{Heap after GC invocations=563 (full 3):
 PSYoungGen      total 3584K, used 224K [0x00000000d5580000, 0x00000000d5c80000, 0x0000000100000000)
  eden space 3072K, 0% used [0x00000000d5580000,0x00000000d5580000,0x00000000d5880000)
  from space 512K, 43% used [0x00000000d5c00000,0x00000000d5c38000,0x00000000d5c80000)
  to   space 512K, 0% used [0x00000000d5b80000,0x00000000d5b80000,0x00000000d5c00000)
 ParOldGen       total 439296K, used 439180K [0x0000000080000000, 0x000000009ad00000, 0x00000000d5580000)
  object space 439296K, 99% used [0x0000000080000000,0x000000009ace3050,0x000000009ad00000)
 Metaspace       used 73617K, committed 75072K, reserved 1179648K
  class space    used 8299K, committed 8960K, reserved 1048576K
}
Event: 3846.089 GC heap before
{Heap before GC invocations=564 (full 3):
 PSYoungGen      total 3584K, used 3296K [0x00000000d5580000, 0x00000000d5c80000, 0x0000000100000000)
  eden space 3072K, 100% used [0x00000000d5580000,0x00000000d5880000,0x00000000d5880000)
  from space 512K, 43% used [0x00000000d5c00000,0x00000000d5c38000,0x00000000d5c80000)
  to   space 512K, 0% used [0x00000000d5b80000,0x00000000d5b80000,0x00000000d5c00000)
 ParOldGen       total 439296K, used 439180K [0x0000000080000000, 0x000000009ad00000, 0x00000000d5580000)
  object space 439296K, 99% used [0x0000000080000000,0x000000009ace3050,0x000000009ad00000)
 Metaspace       used 73624K, committed 75072K, reserved 1179648K
  class space    used 8299K, committed 8960K, reserved 1048576K
}
Event: 3846.381 GC heap after
{Heap after GC invocations=564 (full 3):
 PSYoungGen      total 3584K, used 160K [0x00000000d5580000, 0x00000000d5c80000, 0x0000000100000000)
  eden space 3072K, 0% used [0x00000000d5580000,0x00000000d5580000,0x00000000d5880000)
  from space 512K, 31% used [0x00000000d5b80000,0x00000000d5ba8000,0x00000000d5c00000)
  to   space 512K, 0% used [0x00000000d5c00000,0x00000000d5c00000,0x00000000d5c80000)
 ParOldGen       total 439296K, used 439188K [0x0000000080000000, 0x000000009ad00000, 0x00000000d5580000)
  object space 439296K, 99% used [0x0000000080000000,0x000000009ace5050,0x000000009ad00000)
 Metaspace       used 73624K, committed 75072K, reserved 1179648K
  class space    used 8299K, committed 8960K, reserved 1048576K
}
Event: 4098.103 GC heap before
{Heap before GC invocations=565 (full 3):
 PSYoungGen      total 3584K, used 3232K [0x00000000d5580000, 0x00000000d5c80000, 0x0000000100000000)
  eden space 3072K, 100% used [0x00000000d5580000,0x00000000d5880000,0x00000000d5880000)
  from space 512K, 31% used [0x00000000d5b80000,0x00000000d5ba8000,0x00000000d5c00000)
  to   space 512K, 0% used [0x00000000d5c00000,0x00000000d5c00000,0x00000000d5c80000)
 ParOldGen       total 439296K, used 439188K [0x0000000080000000, 0x000000009ad00000, 0x00000000d5580000)
  object space 439296K, 99% used [0x0000000080000000,0x000000009ace5050,0x000000009ad00000)
 Metaspace       used 73631K, committed 75072K, reserved 1179648K
  class space    used 8301K, committed 8960K, reserved 1048576K
}
Event: 4098.392 GC heap after
{Heap after GC invocations=565 (full 3):
 PSYoungGen      total 3584K, used 224K [0x00000000d5580000, 0x00000000d5c80000, 0x0000000100000000)
  eden space 3072K, 0% used [0x00000000d5580000,0x00000000d5580000,0x00000000d5880000)
  from space 512K, 43% used [0x00000000d5c00000,0x00000000d5c38000,0x00000000d5c80000)
  to   space 512K, 0% used [0x00000000d5b80000,0x00000000d5b80000,0x00000000d5c00000)
 ParOldGen       total 439296K, used 439204K [0x0000000080000000, 0x000000009ad00000, 0x00000000d5580000)
  object space 439296K, 99% used [0x0000000080000000,0x000000009ace9050,0x000000009ad00000)
 Metaspace       used 73631K, committed 75072K, reserved 1179648K
  class space    used 8301K, committed 8960K, reserved 1048576K
}

Dll operation events (15 events):
Event: 0.026 Loaded shared library c:\Users\hp\.vscode\extensions\redhat.java-1.44.0-win32-x64\jre\21.0.8-win32-x86_64\bin\java.dll
Event: 0.266 Loaded shared library c:\Users\hp\.vscode\extensions\redhat.java-1.44.0-win32-x64\jre\21.0.8-win32-x86_64\bin\zip.dll
Event: 0.318 Loaded shared library C:\Users\hp\.vscode\extensions\redhat.java-1.44.0-win32-x64\jre\21.0.8-win32-x86_64\bin\instrument.dll
Event: 0.325 Loaded shared library C:\Users\hp\.vscode\extensions\redhat.java-1.44.0-win32-x64\jre\21.0.8-win32-x86_64\bin\net.dll
Event: 0.327 Loaded shared library C:\Users\hp\.vscode\extensions\redhat.java-1.44.0-win32-x64\jre\21.0.8-win32-x86_64\bin\nio.dll
Event: 0.367 Loaded shared library C:\Users\hp\.vscode\extensions\redhat.java-1.44.0-win32-x64\jre\21.0.8-win32-x86_64\bin\zip.dll
Event: 0.397 Loaded shared library C:\Users\hp\.vscode\extensions\redhat.java-1.44.0-win32-x64\jre\21.0.8-win32-x86_64\bin\jimage.dll
Event: 0.548 Loaded shared library c:\Users\hp\.vscode\extensions\redhat.java-1.44.0-win32-x64\jre\21.0.8-win32-x86_64\bin\verify.dll
Event: 3.085 Loaded shared library C:\Users\hp\AppData\Roaming\Code\User\globalStorage\redhat.java\1.44.0\config_win\org.eclipse.equinox.launcher\org.eclipse.equinox.launcher.win32.win32.x86_64_1.2.1400.v20250730-1736\eclipse_11913.dll
Event: 6.613 Loaded shared library C:\Users\hp\AppData\Local\Temp\jna-3336\jna5804234358035550500.dll
Event: 9.605 Loaded shared library C:\Users\hp\.vscode\extensions\redhat.java-1.44.0-win32-x64\jre\21.0.8-win32-x86_64\bin\sunmscapi.dll
Event: 10.668 Loaded shared library C:\Users\hp\.vscode\extensions\redhat.java-1.44.0-win32-x64\jre\21.0.8-win32-x86_64\bin\extnet.dll
Event: 20.775 Loaded shared library C:\Users\hp\.gradle\native\1def1411415f61bf3af743bc5b6707747c0891f09f0c88961ee8f79bc544acac\windows-amd64\native-platform.dll
Event: 23.934 Loaded shared library C:\Users\hp\.vscode\extensions\redhat.java-1.44.0-win32-x64\jre\21.0.8-win32-x86_64\bin\management.dll
Event: 23.949 Loaded shared library C:\Users\hp\.vscode\extensions\redhat.java-1.44.0-win32-x64\jre\21.0.8-win32-x86_64\bin\management_ext.dll

Deoptimization events (20 events):
Event: 314.356 Thread 0x0000024ee425fd40 DEOPT PACKING pc=0x0000024ecb49f2de sp=0x0000006a10dfe400
Event: 314.356 Thread 0x0000024ee425fd40 DEOPT UNPACKING pc=0x0000024ed10a4242 sp=0x0000006a10dfd958 mode 0
Event: 314.356 Thread 0x0000024ee425fd40 DEOPT PACKING pc=0x0000024ecb49f580 sp=0x0000006a10dfe400
Event: 314.356 Thread 0x0000024ee425fd40 DEOPT UNPACKING pc=0x0000024ed10a4242 sp=0x0000006a10dfd958 mode 0
Event: 314.356 Thread 0x0000024ee425fd40 DEOPT PACKING pc=0x0000024ecb49f580 sp=0x0000006a10dfe400
Event: 314.356 Thread 0x0000024ee425fd40 DEOPT UNPACKING pc=0x0000024ed10a4242 sp=0x0000006a10dfd958 mode 0
Event: 314.356 Thread 0x0000024ee425fd40 DEOPT PACKING pc=0x0000024ecb49f580 sp=0x0000006a10dfe400
Event: 314.356 Thread 0x0000024ee425fd40 DEOPT UNPACKING pc=0x0000024ed10a4242 sp=0x0000006a10dfd958 mode 0
Event: 314.357 Thread 0x0000024ee425fd40 DEOPT PACKING pc=0x0000024ecb49f2de sp=0x0000006a10dfe400
Event: 314.357 Thread 0x0000024ee425fd40 DEOPT UNPACKING pc=0x0000024ed10a4242 sp=0x0000006a10dfd958 mode 0
Event: 314.357 Thread 0x0000024ee425fd40 DEOPT PACKING pc=0x0000024ecb49f580 sp=0x0000006a10dfe400
Event: 314.357 Thread 0x0000024ee425fd40 DEOPT UNPACKING pc=0x0000024ed10a4242 sp=0x0000006a10dfd958 mode 0
Event: 314.357 Thread 0x0000024ee425fd40 DEOPT PACKING pc=0x0000024ecb49f580 sp=0x0000006a10dfe400
Event: 314.357 Thread 0x0000024ee425fd40 DEOPT UNPACKING pc=0x0000024ed10a4242 sp=0x0000006a10dfd958 mode 0
Event: 314.357 Thread 0x0000024ee425fd40 DEOPT PACKING pc=0x0000024ecb49f2de sp=0x0000006a10dfe3a0
Event: 314.357 Thread 0x0000024ee425fd40 DEOPT UNPACKING pc=0x0000024ed10a4242 sp=0x0000006a10dfd8f8 mode 0
Event: 314.357 Thread 0x0000024ee425fd40 DEOPT PACKING pc=0x0000024ecb49f2de sp=0x0000006a10dfe400
Event: 314.357 Thread 0x0000024ee425fd40 DEOPT UNPACKING pc=0x0000024ed10a4242 sp=0x0000006a10dfd958 mode 0
Event: 314.358 Thread 0x0000024ee425fd40 DEOPT PACKING pc=0x0000024ecb49f2de sp=0x0000006a10dfe400
Event: 314.358 Thread 0x0000024ee425fd40 DEOPT UNPACKING pc=0x0000024ed10a4242 sp=0x0000006a10dfd958 mode 0

Classes loaded (20 events):
Event: 33.627 Loading class sun/util/resources/TimeZoneNames
Event: 33.647 Loading class sun/util/resources/TimeZoneNames done
Event: 33.647 Loading class sun/util/resources/TimeZoneNames_en
Event: 33.651 Loading class sun/util/resources/TimeZoneNames_en done
Event: 313.550 Loading class java/util/stream/Nodes$CollectorTask$OfRef
Event: 313.566 Loading class java/util/stream/Nodes$CollectorTask
Event: 313.577 Loading class java/util/stream/Nodes$CollectorTask done
Event: 313.578 Loading class java/util/stream/Nodes$CollectorTask$OfRef done
Event: 313.583 Loading class java/util/function/LongFunction
Event: 313.587 Loading class java/util/function/LongFunction done
Event: 313.592 Loading class java/util/stream/Nodes$ConcNode
Event: 313.599 Loading class java/util/stream/Nodes$AbstractConcNode
Event: 313.608 Loading class java/util/stream/Nodes$AbstractConcNode done
Event: 313.609 Loading class java/util/stream/Nodes$ConcNode done
Event: 313.795 Loading class java/io/ObjectOutputStream$BlockDataOutputStream
Event: 313.802 Loading class java/io/ObjectOutputStream$BlockDataOutputStream done
Event: 313.803 Loading class java/io/ObjectOutputStream$HandleTable
Event: 313.808 Loading class java/io/ObjectOutputStream$HandleTable done
Event: 313.809 Loading class java/io/ObjectOutputStream$ReplaceTable
Event: 313.810 Loading class java/io/ObjectOutputStream$ReplaceTable done

Classes unloaded (14 events):
Event: 7.885 Thread 0x0000024ec69ebb80 Unloading class 0x0000024e811ac000 'java/lang/invoke/LambdaForm$MH+0x0000024e811ac000'
Event: 7.885 Thread 0x0000024ec69ebb80 Unloading class 0x0000024e811abc00 'java/lang/invoke/LambdaForm$MH+0x0000024e811abc00'
Event: 7.885 Thread 0x0000024ec69ebb80 Unloading class 0x0000024e811ab800 'java/lang/invoke/LambdaForm$MH+0x0000024e811ab800'
Event: 7.885 Thread 0x0000024ec69ebb80 Unloading class 0x0000024e811ab400 'java/lang/invoke/LambdaForm$MH+0x0000024e811ab400'
Event: 7.885 Thread 0x0000024ec69ebb80 Unloading class 0x0000024e811ab000 'java/lang/invoke/LambdaForm$BMH+0x0000024e811ab000'
Event: 7.885 Thread 0x0000024ec69ebb80 Unloading class 0x0000024e811aac00 'java/lang/invoke/LambdaForm$DMH+0x0000024e811aac00'
Event: 7.885 Thread 0x0000024ec69ebb80 Unloading class 0x0000024e811a9800 'java/lang/invoke/LambdaForm$DMH+0x0000024e811a9800'
Event: 9.328 Thread 0x0000024ec69ebb80 Unloading class 0x0000024e8131b800 'java/lang/invoke/LambdaForm$MH+0x0000024e8131b800'
Event: 9.328 Thread 0x0000024ec69ebb80 Unloading class 0x0000024e8131b000 'java/lang/invoke/LambdaForm$MH+0x0000024e8131b000'
Event: 9.328 Thread 0x0000024ec69ebb80 Unloading class 0x0000024e8131a800 'java/lang/invoke/LambdaForm$MH+0x0000024e8131a800'
Event: 9.328 Thread 0x0000024ec69ebb80 Unloading class 0x0000024e8131a000 'java/lang/invoke/LambdaForm$MH+0x0000024e8131a000'
Event: 9.328 Thread 0x0000024ec69ebb80 Unloading class 0x0000024e81319800 'java/lang/invoke/LambdaForm$DMH+0x0000024e81319800'
Event: 9.328 Thread 0x0000024ec69ebb80 Unloading class 0x0000024e81312000 'java/lang/invoke/LambdaForm$MH+0x0000024e81312000'
Event: 9.328 Thread 0x0000024ec69ebb80 Unloading class 0x0000024e81311400 'java/lang/invoke/LambdaForm$MH+0x0000024e81311400'

Classes redefined (0 events):
No events

Internal exceptions (20 events):
Event: 25.084 Thread 0x0000024ee425cf50 Exception <a 'sun/nio/fs/WindowsException'{0x00000000d571b008}> (0x00000000d571b008) 
thrown [s\src\hotspot\share\prims\jni.cpp, line 520]
Event: 25.230 Thread 0x0000024ee66326a0 Implicit null exception at 0x0000024ed1bac980 to 0x0000024ed1bacd84
Event: 25.231 Thread 0x0000024ee66326a0 Exception <a 'sun/nio/fs/WindowsException'{0x00000000d5691988}> (0x00000000d5691988) 
thrown [s\src\hotspot\share\prims\jni.cpp, line 520]
Event: 25.231 Thread 0x0000024ee66326a0 Exception <a 'sun/nio/fs/WindowsException'{0x00000000d5692210}> (0x00000000d5692210) 
thrown [s\src\hotspot\share\prims\jni.cpp, line 520]
Event: 25.233 Thread 0x0000024ee66326a0 Exception <a 'sun/nio/fs/WindowsException'{0x00000000d5695eb8}> (0x00000000d5695eb8) 
thrown [s\src\hotspot\share\prims\jni.cpp, line 520]
Event: 25.234 Thread 0x0000024ee66326a0 Exception <a 'sun/nio/fs/WindowsException'{0x00000000d5696738}> (0x00000000d5696738) 
thrown [s\src\hotspot\share\prims\jni.cpp, line 520]
Event: 25.857 Thread 0x0000024ee66326a0 Exception <a 'java/lang/IncompatibleClassChangeError'{0x00000000d55a5450}: Found class java.lang.Object, but interface was expected> (0x00000000d55a5450) 
thrown [s\src\hotspot\share\interpreter\linkResolver.cpp, line 840]
Event: 29.311 Thread 0x0000024ee425e300 Exception <a 'sun/nio/fs/WindowsException'{0x00000000d58139f8}> (0x00000000d58139f8) 
thrown [s\src\hotspot\share\prims\jni.cpp, line 520]
Event: 31.093 Thread 0x0000024ee425e300 Exception <a 'sun/nio/fs/WindowsException'{0x00000000d577e528}> (0x00000000d577e528) 
thrown [s\src\hotspot\share\prims\jni.cpp, line 520]
Event: 31.362 Thread 0x0000024ee69f5890 Exception <a 'sun/nio/fs/WindowsException'{0x00000000d562f570}> (0x00000000d562f570) 
thrown [s\src\hotspot\share\prims\jni.cpp, line 520]
Event: 31.363 Thread 0x0000024ee69f5890 Exception <a 'sun/nio/fs/WindowsException'{0x00000000d562fe70}> (0x00000000d562fe70) 
thrown [s\src\hotspot\share\prims\jni.cpp, line 520]
Event: 31.364 Thread 0x0000024ee69f5890 Exception <a 'sun/nio/fs/WindowsException'{0x00000000d5630bb8}> (0x00000000d5630bb8) 
thrown [s\src\hotspot\share\prims\jni.cpp, line 520]
Event: 31.364 Thread 0x0000024ee69f5890 Exception <a 'sun/nio/fs/WindowsException'{0x00000000d5631498}> (0x00000000d5631498) 
thrown [s\src\hotspot\share\prims\jni.cpp, line 520]
Event: 31.369 Thread 0x0000024ee69f5890 Exception <a 'java/io/FileNotFoundException'{0x00000000d5648f00}> (0x00000000d5648f00) 
thrown [s\src\hotspot\share\prims\jni.cpp, line 520]
Event: 31.370 Thread 0x0000024ee69f5890 Exception <a 'java/io/FileNotFoundException'{0x00000000d5649f10}> (0x00000000d5649f10) 
thrown [s\src\hotspot\share\prims\jni.cpp, line 520]
Event: 31.397 Thread 0x0000024ee69f5890 Exception <a 'sun/nio/fs/WindowsException'{0x00000000d56b6158}> (0x00000000d56b6158) 
thrown [s\src\hotspot\share\prims\jni.cpp, line 520]
Event: 31.397 Thread 0x0000024ee69f5890 Exception <a 'sun/nio/fs/WindowsException'{0x00000000d56b6a38}> (0x00000000d56b6a38) 
thrown [s\src\hotspot\share\prims\jni.cpp, line 520]
Event: 59.677 Thread 0x0000024ee66326a0 Exception <a 'java/lang/IncompatibleClassChangeError'{0x00000000d56d6900}: Found class java.lang.Object, but interface was expected> (0x00000000d56d6900) 
thrown [s\src\hotspot\share\interpreter\linkResolver.cpp, line 840]
Event: 307.332 Thread 0x0000024ee425fd40 Implicit null exception at 0x0000024ed1dd1e23 to 0x0000024ed1dd2588
Event: 314.301 Thread 0x0000024ee425fd40 Exception <a 'java/lang/NoSuchMethodError'{0x00000000d5628af8}: 'java.lang.Object java.lang.invoke.DirectMethodHandle$Holder.newInvokeSpecial(java.lang.Object, java.lang.Object, java.lang.Object, java.lang.Object, java.lang.Object, java.lang.Object, java.lang.Object, java.lang.Object)'> (0x00000000d5628af8) 
thrown [s\src\hotspot\share\interpreter\linkResolver.cpp, line 773]

ZGC Phase Switch (0 events):
No events

VM Operations (20 events):
Event: 3908.554 Executing VM operation: RendezvousGCThreads
Event: 3908.554 Executing VM operation: RendezvousGCThreads done
Event: 3968.682 Executing VM operation: HandshakeAllThreads (HandshakeForDeflation)
Event: 3968.682 Executing VM operation: HandshakeAllThreads (HandshakeForDeflation) done
Event: 3968.682 Executing VM operation: RendezvousGCThreads
Event: 3968.682 Executing VM operation: RendezvousGCThreads done
Event: 4025.856 Executing VM operation: Cleanup
Event: 4025.878 Executing VM operation: Cleanup done
Event: 4028.829 Executing VM operation: HandshakeAllThreads (HandshakeForDeflation)
Event: 4028.842 Executing VM operation: HandshakeAllThreads (HandshakeForDeflation) done
Event: 4028.842 Executing VM operation: RendezvousGCThreads
Event: 4028.842 Executing VM operation: RendezvousGCThreads done
Event: 4060.985 Executing VM operation: Cleanup
Event: 4061.093 Executing VM operation: Cleanup done
Event: 4098.102 Executing VM operation: ParallelGCFailedAllocation (Allocation Failure)
Event: 4098.392 Executing VM operation: ParallelGCFailedAllocation (Allocation Failure) done
Event: 4148.960 Executing VM operation: HandshakeAllThreads (HandshakeForDeflation)
Event: 4148.960 Executing VM operation: HandshakeAllThreads (HandshakeForDeflation) done
Event: 4148.960 Executing VM operation: RendezvousGCThreads
Event: 4148.960 Executing VM operation: RendezvousGCThreads done

Memory protections (0 events):
No events

Nmethod flushes (20 events):
Event: 15.208 Thread 0x0000024ec69ebb80 flushing  nmethod 0x0000024eca36d190
Event: 15.208 Thread 0x0000024ec69ebb80 flushing  nmethod 0x0000024eca370690
Event: 15.208 Thread 0x0000024ec69ebb80 flushing  nmethod 0x0000024eca371290
Event: 15.208 Thread 0x0000024ec69ebb80 flushing  nmethod 0x0000024eca372010
Event: 15.208 Thread 0x0000024ec69ebb80 flushing  nmethod 0x0000024eca397910
Event: 15.208 Thread 0x0000024ec69ebb80 flushing  nmethod 0x0000024eca3a1110
Event: 15.208 Thread 0x0000024ec69ebb80 flushing  nmethod 0x0000024eca3f9990
Event: 15.208 Thread 0x0000024ec69ebb80 flushing  nmethod 0x0000024eca404910
Event: 15.208 Thread 0x0000024ec69ebb80 flushing  nmethod 0x0000024eca407d10
Event: 15.208 Thread 0x0000024ec69ebb80 flushing  nmethod 0x0000024eca419e90
Event: 15.208 Thread 0x0000024ec69ebb80 flushing  nmethod 0x0000024eca41b110
Event: 15.208 Thread 0x0000024ec69ebb80 flushing  nmethod 0x0000024eca441790
Event: 15.208 Thread 0x0000024ec69ebb80 flushing  nmethod 0x0000024eca448d10
Event: 15.208 Thread 0x0000024ec69ebb80 flushing  nmethod 0x0000024eca44a190
Event: 15.208 Thread 0x0000024ec69ebb80 flushing  nmethod 0x0000024eca44a790
Event: 15.208 Thread 0x0000024ec69ebb80 flushing  nmethod 0x0000024eca44b490
Event: 15.208 Thread 0x0000024ec69ebb80 flushing  nmethod 0x0000024eca456a10
Event: 15.208 Thread 0x0000024ec69ebb80 flushing  nmethod 0x0000024eca4a5110
Event: 15.208 Thread 0x0000024ec69ebb80 flushing  nmethod 0x0000024eca4a6310
Event: 15.208 Thread 0x0000024ec69ebb80 flushing  nmethod 0x0000024eca4a7890

Events (20 events):
Event: 271.512 Thread 0x0000024ee662e500 Thread exited: 0x0000024ee662e500
Event: 313.511 Thread 0x0000024ee425fd40 Thread added: 0x0000024ee425e990
Event: 313.619 Thread 0x0000024ee425e990 Thread exited: 0x0000024ee425e990
Event: 313.721 Thread 0x0000024ee7e0fa60 Thread exited: 0x0000024ee7e0fa60
Event: 316.361 Thread 0x0000024ee74e2640 Thread exited: 0x0000024ee74e2640
Event: 316.362 Thread 0x0000024ee7e121c0 Thread exited: 0x0000024ee7e121c0
Event: 316.363 Thread 0x0000024ee74e2cd0 Thread exited: 0x0000024ee74e2cd0
Event: 316.374 Thread 0x0000024ee74e3360 Thread exited: 0x0000024ee74e3360
Event: 316.390 Thread 0x0000024ee7e11b30 Thread exited: 0x0000024ee7e11b30
Event: 316.420 Thread 0x0000024ee74df1c0 Thread exited: 0x0000024ee74df1c0
Event: 318.371 Thread 0x0000024ee74e4080 Thread exited: 0x0000024ee74e4080
Event: 318.378 Thread 0x0000024ee74df850 Thread exited: 0x0000024ee74df850
Event: 318.404 Thread 0x0000024ee74dfee0 Thread exited: 0x0000024ee74dfee0
Event: 318.405 Thread 0x0000024ee74e4710 Thread exited: 0x0000024ee74e4710
Event: 318.407 Thread 0x0000024ee74e4da0 Thread exited: 0x0000024ee74e4da0
Event: 318.407 Thread 0x0000024ee74e1290 Thread exited: 0x0000024ee74e1290
Event: 331.526 Thread 0x0000024ee74e6150 Thread exited: 0x0000024ee74e6150
Event: 373.731 Thread 0x0000024ee7e0f3d0 Thread exited: 0x0000024ee7e0f3d0
Event: 433.749 Thread 0x0000024ee7e114a0 Thread exited: 0x0000024ee7e114a0
Event: 493.754 Thread 0x0000024ee7e0ed40 Thread exited: 0x0000024ee7e0ed40


Dynamic libraries:
0x00007ff607960000 - 0x00007ff60796e000 	c:\Users\hp\.vscode\extensions\redhat.java-1.44.0-win32-x64\jre\21.0.8-win32-x86_64\bin\java.exe
0x00007ffcb1970000 - 0x00007ffcb1b87000 	C:\Windows\SYSTEM32\ntdll.dll
0x00007ffcb0150000 - 0x00007ffcb0214000 	C:\Windows\System32\KERNEL32.DLL
0x00007ffcaefc0000 - 0x00007ffcaf392000 	C:\Windows\System32\KERNELBASE.dll
0x00007ffcaecb0000 - 0x00007ffcaedc1000 	C:\Windows\System32\ucrtbase.dll
0x00007ffca7e40000 - 0x00007ffca7e58000 	c:\Users\hp\.vscode\extensions\redhat.java-1.44.0-win32-x64\jre\21.0.8-win32-x86_64\bin\jli.dll
0x00007ffcafe70000 - 0x00007ffcb0021000 	C:\Windows\System32\USER32.dll
0x00007ffcaf5d0000 - 0x00007ffcaf5f6000 	C:\Windows\System32\win32u.dll
0x00007ffcaf600000 - 0x00007ffcaf629000 	C:\Windows\System32\GDI32.dll
0x00007ffcaeb80000 - 0x00007ffcaeca3000 	C:\Windows\System32\gdi32full.dll
0x00007ffcaeae0000 - 0x00007ffcaeb7a000 	C:\Windows\System32\msvcp_win.dll
0x00007ffca9b20000 - 0x00007ffca9b3e000 	c:\Users\hp\.vscode\extensions\redhat.java-1.44.0-win32-x64\jre\21.0.8-win32-x86_64\bin\VCRUNTIME140.dll
0x00007ffc97aa0000 - 0x00007ffc97d3b000 	C:\Windows\WinSxS\amd64_microsoft.windows.common-controls_6595b64144ccf1df_6.0.22621.5697_none_27154c497380d676\COMCTL32.dll
0x00007ffcb1130000 - 0x00007ffcb11d7000 	C:\Windows\System32\msvcrt.dll
0x00007ffcb12f0000 - 0x00007ffcb1321000 	C:\Windows\System32\IMM32.DLL
0x00007ffca7e30000 - 0x00007ffca7e3c000 	c:\Users\hp\.vscode\extensions\redhat.java-1.44.0-win32-x64\jre\21.0.8-win32-x86_64\bin\vcruntime140_1.dll
0x00007ffc82f30000 - 0x00007ffc82fbd000 	c:\Users\hp\.vscode\extensions\redhat.java-1.44.0-win32-x64\jre\21.0.8-win32-x86_64\bin\msvcp140.dll
0x00007ffc5aa80000 - 0x00007ffc5b817000 	c:\Users\hp\.vscode\extensions\redhat.java-1.44.0-win32-x64\jre\21.0.8-win32-x86_64\bin\server\jvm.dll
0x00007ffcafdb0000 - 0x00007ffcafe61000 	C:\Windows\System32\ADVAPI32.dll
0x00007ffcb0220000 - 0x00007ffcb02c8000 	C:\Windows\System32\sechost.dll
0x00007ffcaf5a0000 - 0x00007ffcaf5c8000 	C:\Windows\System32\bcrypt.dll
0x00007ffcb0030000 - 0x00007ffcb0147000 	C:\Windows\System32\RPCRT4.dll
0x00007ffcaf950000 - 0x00007ffcaf9c1000 	C:\Windows\System32\WS2_32.dll
0x00007ffcae780000 - 0x00007ffcae7cd000 	C:\Windows\SYSTEM32\POWRPROF.dll
0x00007ffca9a80000 - 0x00007ffca9ab4000 	C:\Windows\SYSTEM32\WINMM.dll
0x00007ffca5ac0000 - 0x00007ffca5aca000 	C:\Windows\SYSTEM32\VERSION.dll
0x00007ffcae760000 - 0x00007ffcae773000 	C:\Windows\SYSTEM32\UMPDC.dll
0x00007ffcada20000 - 0x00007ffcada38000 	C:\Windows\SYSTEM32\kernel.appcore.dll
0x00007ffca7e20000 - 0x00007ffca7e2a000 	c:\Users\hp\.vscode\extensions\redhat.java-1.44.0-win32-x64\jre\21.0.8-win32-x86_64\bin\jimage.dll
0x00007ffcac4d0000 - 0x00007ffcac703000 	C:\Windows\SYSTEM32\DBGHELP.DLL
0x00007ffcb0c10000 - 0x00007ffcb0fa2000 	C:\Windows\System32\combase.dll
0x00007ffcafcd0000 - 0x00007ffcafda8000 	C:\Windows\System32\OLEAUT32.dll
0x00007ffca5f20000 - 0x00007ffca5f52000 	C:\Windows\SYSTEM32\dbgcore.DLL
0x00007ffcaedd0000 - 0x00007ffcaee4b000 	C:\Windows\System32\bcryptPrimitives.dll
0x00007ffca7e10000 - 0x00007ffca7e1f000 	c:\Users\hp\.vscode\extensions\redhat.java-1.44.0-win32-x64\jre\21.0.8-win32-x86_64\bin\instrument.dll
0x00007ffca6270000 - 0x00007ffca628f000 	c:\Users\hp\.vscode\extensions\redhat.java-1.44.0-win32-x64\jre\21.0.8-win32-x86_64\bin\java.dll
0x00007ffcb0360000 - 0x00007ffcb0c01000 	C:\Windows\System32\SHELL32.dll
0x00007ffcaf3a0000 - 0x00007ffcaf4df000 	C:\Windows\System32\wintypes.dll
0x00007ffcac8f0000 - 0x00007ffcad20a000 	C:\Windows\SYSTEM32\windows.storage.dll
0x00007ffcb1010000 - 0x00007ffcb111b000 	C:\Windows\System32\SHCORE.dll
0x00007ffcafba0000 - 0x00007ffcafc09000 	C:\Windows\System32\shlwapi.dll
0x00007ffcae990000 - 0x00007ffcae9bb000 	C:\Windows\SYSTEM32\profapi.dll
0x00007ffca5210000 - 0x00007ffca5228000 	c:\Users\hp\.vscode\extensions\redhat.java-1.44.0-win32-x64\jre\21.0.8-win32-x86_64\bin\zip.dll
0x00007ffca6260000 - 0x00007ffca6270000 	C:\Users\hp\.vscode\extensions\redhat.java-1.44.0-win32-x64\jre\21.0.8-win32-x86_64\bin\net.dll
0x00007ffcab150000 - 0x00007ffcab27c000 	C:\Windows\SYSTEM32\WINHTTP.dll
0x00007ffcadf10000 - 0x00007ffcadf79000 	C:\Windows\system32\mswsock.dll
0x00007ffca4f20000 - 0x00007ffca4f36000 	C:\Users\hp\.vscode\extensions\redhat.java-1.44.0-win32-x64\jre\21.0.8-win32-x86_64\bin\nio.dll
0x00007ffca5200000 - 0x00007ffca5210000 	c:\Users\hp\.vscode\extensions\redhat.java-1.44.0-win32-x64\jre\21.0.8-win32-x86_64\bin\verify.dll
0x00007ffc879b0000 - 0x00007ffc879f5000 	C:\Users\hp\AppData\Roaming\Code\User\globalStorage\redhat.java\1.44.0\config_win\org.eclipse.equinox.launcher\org.eclipse.equinox.launcher.win32.win32.x86_64_1.2.1400.v20250730-1736\eclipse_11913.dll
0x00007ffcaf6c0000 - 0x00007ffcaf860000 	C:\Windows\System32\ole32.dll
0x00007ffcae170000 - 0x00007ffcae18b000 	C:\Windows\SYSTEM32\CRYPTSP.dll
0x00007ffcad980000 - 0x00007ffcad9b7000 	C:\Windows\system32\rsaenh.dll
0x00007ffcae000000 - 0x00007ffcae028000 	C:\Windows\SYSTEM32\USERENV.dll
0x00007ffcae160000 - 0x00007ffcae16c000 	C:\Windows\SYSTEM32\CRYPTBASE.dll
0x00007ffcad4b0000 - 0x00007ffcad4dd000 	C:\Windows\SYSTEM32\IPHLPAPI.DLL
0x00007ffcaf870000 - 0x00007ffcaf879000 	C:\Windows\System32\NSI.dll
0x00007ffc76940000 - 0x00007ffc76989000 	C:\Users\hp\AppData\Local\Temp\jna-3336\jna5804234358035550500.dll
0x00007ffcaf860000 - 0x00007ffcaf868000 	C:\Windows\System32\PSAPI.DLL
0x00007ffcaa220000 - 0x00007ffcaa239000 	C:\Windows\SYSTEM32\dhcpcsvc6.DLL
0x00007ffca9fe0000 - 0x00007ffca9fff000 	C:\Windows\SYSTEM32\dhcpcsvc.DLL
0x00007ffca51b0000 - 0x00007ffca51be000 	C:\Users\hp\.vscode\extensions\redhat.java-1.44.0-win32-x64\jre\21.0.8-win32-x86_64\bin\sunmscapi.dll
0x00007ffcaee50000 - 0x00007ffcaefb8000 	C:\Windows\System32\CRYPT32.dll
0x00007ffcae390000 - 0x00007ffcae3bd000 	C:\Windows\SYSTEM32\ncrypt.dll
0x00007ffcae350000 - 0x00007ffcae387000 	C:\Windows\SYSTEM32\NTASN1.dll
0x00007ffcad4e0000 - 0x00007ffcad5d8000 	C:\Windows\SYSTEM32\DNSAPI.dll
0x00007ffca9f20000 - 0x00007ffca9f2a000 	C:\Windows\System32\rasadhlp.dll
0x00007ffca9cb0000 - 0x00007ffca9d34000 	C:\Windows\System32\fwpuclnt.dll
0x00007ffca51a0000 - 0x00007ffca51a9000 	C:\Users\hp\.vscode\extensions\redhat.java-1.44.0-win32-x64\jre\21.0.8-win32-x86_64\bin\extnet.dll
0x00007ffca5170000 - 0x00007ffca5197000 	C:\Users\hp\.gradle\native\1def1411415f61bf3af743bc5b6707747c0891f09f0c88961ee8f79bc544acac\windows-amd64\native-platform.dll
0x00007ffca51d0000 - 0x00007ffca51da000 	C:\Users\hp\.vscode\extensions\redhat.java-1.44.0-win32-x64\jre\21.0.8-win32-x86_64\bin\management.dll
0x00007ffca51c0000 - 0x00007ffca51cb000 	C:\Users\hp\.vscode\extensions\redhat.java-1.44.0-win32-x64\jre\21.0.8-win32-x86_64\bin\management_ext.dll

JVMTI agents:
c:\Users\hp\.vscode\extensions\redhat.java-1.44.0-win32-x64\lombok\lombok-1.18.39-4050.jar path:c:\Users\hp\.vscode\extensions\redhat.java-1.44.0-win32-x64\jre\21.0.8-win32-x86_64\bin\instrument.dll, loaded, initialized, instrumentlib options:none

dbghelp: loaded successfully - version: 4.0.5 - missing functions: none
symbol engine: initialized successfully - sym options: 0x614 - pdb path: .;c:\Users\hp\.vscode\extensions\redhat.java-1.44.0-win32-x64\jre\21.0.8-win32-x86_64\bin;C:\Windows\SYSTEM32;C:\Windows\WinSxS\amd64_microsoft.windows.common-controls_6595b64144ccf1df_6.0.22621.5697_none_27154c497380d676;c:\Users\hp\.vscode\extensions\redhat.java-1.44.0-win32-x64\jre\21.0.8-win32-x86_64\bin\server;C:\Users\hp\AppData\Roaming\Code\User\globalStorage\redhat.java\1.44.0\config_win\org.eclipse.equinox.launcher\org.eclipse.equinox.launcher.win32.win32.x86_64_1.2.1400.v20250730-1736;C:\Users\hp\AppData\Local\Temp\jna-3336;C:\Users\hp\.gradle\native\1def1411415f61bf3af743bc5b6707747c0891f09f0c88961ee8f79bc544acac\windows-amd64

VM Arguments:
jvm_args: --add-modules=ALL-SYSTEM --add-opens=java.base/java.util=ALL-UNNAMED --add-opens=java.base/java.lang=ALL-UNNAMED --add-opens=java.base/sun.nio.fs=ALL-UNNAMED -Declipse.application=org.eclipse.jdt.ls.core.id1 -Dosgi.bundles.defaultStartLevel=4 -Declipse.product=org.eclipse.jdt.ls.core.product -Djava.import.generatesMetadataFilesAtProjectRoot=false -DDetectVMInstallationsJob.disabled=true -Dfile.encoding=utf8 -XX:+UseParallelGC -XX:GCTimeRatio=4 -XX:AdaptiveSizePolicyWeight=90 -Dsun.zip.disableMemoryMapping=true -Xmx2G -Xms100m -Xlog:disable -javaagent:c:\Users\hp\.vscode\extensions\redhat.java-1.44.0-win32-x64\lombok\lombok-1.18.39-4050.jar -XX:+HeapDumpOnOutOfMemoryError -XX:HeapDumpPath=c:\Users\hp\AppData\Roaming\Code\User\workspaceStorage\57e02190f0c8bbb019f5a151093275b8\redhat.java -Daether.dependencyCollector.impl=bf 
java_command: c:\Users\hp\.vscode\extensions\redhat.java-1.44.0-win32-x64\server\plugins\org.eclipse.equinox.launcher_1.7.0.v20250519-0528.jar -configuration c:\Users\hp\AppData\Roaming\Code\User\globalStorage\redhat.java\1.44.0\config_win -data c:\Users\hp\AppData\Roaming\Code\User\workspaceStorage\57e02190f0c8bbb019f5a151093275b8\redhat.java\jdt_ws --pipe=\\.\pipe\lsp-3d954335c9de8fb925368a95f0f65a58-sock
java_class_path (initial): c:\Users\hp\.vscode\extensions\redhat.java-1.44.0-win32-x64\server\plugins\org.eclipse.equinox.launcher_1.7.0.v20250519-0528.jar
Launcher Type: SUN_STANDARD

[Global flags]
    uintx AdaptiveSizePolicyWeight                 = 90                                        {product} {command line}
     intx CICompilerCount                          = 4                                         {product} {ergonomic}
    uintx GCTimeRatio                              = 4                                         {product} {command line}
     bool HeapDumpOnOutOfMemoryError               = true                                   {manageable} {command line}
    ccstr HeapDumpPath                             = c:\Users\hp\AppData\Roaming\Code\User\workspaceStorage\57e02190f0c8bbb019f5a151093275b8\redhat.java         {manageable} {command line}
   size_t InitialHeapSize                          = 104857600                                 {product} {command line}
   size_t MaxHeapSize                              = 2147483648                                {product} {command line}
   size_t MaxNewSize                               = 715653120                                 {product} {ergonomic}
   size_t MinHeapDeltaBytes                        = 524288                                    {product} {ergonomic}
   size_t MinHeapSize                              = 104857600                                 {product} {command line}
   size_t NewSize                                  = 34603008                                  {product} {ergonomic}
    uintx NonNMethodCodeHeapSize                   = 5839372                                {pd product} {ergonomic}
    uintx NonProfiledCodeHeapSize                  = 122909434                              {pd product} {ergonomic}
   size_t OldSize                                  = 70254592                                  {product} {ergonomic}
    uintx ProfiledCodeHeapSize                     = 122909434                              {pd product} {ergonomic}
    uintx ReservedCodeCacheSize                    = 251658240                              {pd product} {ergonomic}
     bool SegmentedCodeCache                       = true                                      {product} {ergonomic}
   size_t SoftMaxHeapSize                          = 2147483648                             {manageable} {ergonomic}
     bool UseCompressedOops                        = true                           {product lp64_product} {ergonomic}
     bool UseLargePagesIndividualAllocation        = false                                  {pd product} {ergonomic}
     bool UseParallelGC                            = true                                      {product} {command line}

Logging:
Log output configuration:
 #0: stdout all=off uptime,level,tags foldmultilines=false
 #1: stderr all=off uptime,level,tags foldmultilines=false

Environment Variables:
JAVA_HOME=C:\Program Files\Java\jdk-17
PATH=C:\Windows\system32;C:\Windows;C:\Windows\System32\Wbem;C:\Windows\System32\WindowsPowerShell\v1.0\;C:\Windows\System32\OpenSSH\;C:\Program Files\Git\cmd;C:\Program Files\MongoDB\Server\7.0\bin;C:\ProgramData\chocolatey\bin;C:\Program Files\nodejs\;C:\Program Files\Java\jdk-17\bin;C:\Users\hp\AppData\Local\Android\Sdk\platform-tools;C:\Users\hp\AppData\Local\Android\Sdk;C:\Users\hp\AppData\Local\Android\Sdk\emulator;C:\Users\hp\AppData\Local\Android\Sdk\build-tools;C:\Users\hp\AppData\Local\Android\Sdk\platforms;C:\tmp\google-cloud-sdk\bin;C:\Program Files\Java\jdk-17\bin;C:\Users\hp\AppData\Local\Programs\Python\Python312\Scripts\;C:\Users\hp\AppData\Local\Programs\Python\Python312\;C:\Users\hp\AppData\Local\Programs\Python\Launcher\;C:\Users\hp\AppData\Local\Microsoft\WindowsApps;C:\Users\hp\AppData\Local\Programs\Microsoft VS Code\bin;C:\Users\hp\AppData\Local\GitHubDesktop\bin;C:\Program Files\mongosh\;C:\Users\hp\AppData\Local\Programs\cursor\resources\app\bin;C:\Users\hp\AppData\Roaming\npm;C:\Users\hp\AppData\Local\Android\Sdk\platform-tools;C:\Users\hp\AppData\Local\Android\Sdk;C:\Users\hp\AppData\Local\Android\Sdk\emulator;C:\Users\hp\AppData\Local\Android\Sdk\build-tools;C:\Users\hp\AppData\Local\Android\Sdk\platforms;C:\Program Files\Java\jdk-17;
USERNAME=hp
OS=Windows_NT
PROCESSOR_IDENTIFIER=AMD64 Family 23 Model 160 Stepping 0, AuthenticAMD
TMP=C:\Users\hp\AppData\Local\Temp
TEMP=C:\Users\hp\AppData\Local\Temp




Periodic native trim disabled

---------------  S Y S T E M  ---------------

OS:
 Windows 11 , 64 bit Build 22621 (10.0.22621.5415)
OS uptime: 1 days 10:05 hours
Hyper-V role detected

CPU: total 8 (initial active 8) (8 cores per cpu, 2 threads per core) family 23 model 160 stepping 0 microcode 0x0, cx8, cmov, fxsr, ht, mmx, 3dnowpref, sse, sse2, sse3, ssse3, sse4a, sse4.1, sse4.2, popcnt, lzcnt, tsc, tscinvbit, avx, avx2, aes, clmul, bmi1, bmi2, adx, sha, fma, vzeroupper, clflush, clflushopt, hv, rdtscp, rdpid, f16c
Processor Information for the first 8 processors :
  Max Mhz: 2401, Current Mhz: 2401, Mhz Limit: 2401

Memory: 4k page, system-wide physical 5965M (1373M free)
TotalPageFile size 24397M (AvailPageFile size 75M)
current process WorkingSet (physical memory assigned to process): 12M, peak: 430M
current process commit charge ("private bytes"): 736M, peak: 768M

vm_info: OpenJDK 64-Bit Server VM (21.0.8+9-LTS) for windows-amd64 JRE (21.0.8+9-LTS), built on 2025-07-15T00:00:00Z by "admin" with MS VC++ 17.7 (VS2022)

END.
